#
# There is insufficient memory for the Java Runtime Environment to continue.
# Native memory allocation (malloc) failed to allocate 82837504 bytes for committing reserved memory.
# Possible reasons:
#   The system is out of physical RAM or swap space
#   In 32 bit mode, the process size limit was hit
# Possible solutions:
#   Reduce memory load on the system
#   Increase physical memory or swap space
#   Check if swap backing store is full
#   Use 64 bit Java on a 64 bit OS
#   Decrease Java heap size (-Xmx/-Xms)
#   Decrease number of Java threads
#   Decrease Java thread stack sizes (-Xss)
#   Set larger code cache with -XX:ReservedCodeCacheSize=
# This output file may be truncated or incomplete.
#
#  Out of Memory Error (os_linux.cpp:2756), pid=7658, tid=140667514246912
#
# JRE version: Java(TM) SE Runtime Environment (7.0_80-b15) (build 1.7.0_80-b15)
# Java VM: Java HotSpot(TM) 64-Bit Server VM (24.80-b11 mixed mode linux-amd64 compressed oops)
# Failed to write core dump. Core dumps have been disabled. To enable core dumping, try "ulimit -c unlimited" before starting Java again
#

---------------  T H R E A D  ---------------

Current thread (0x00007fefbc06a800):  VMThread [stack: 0x00007fefb527d000,0x00007fefb537e000] [id=7668]

Stack: [0x00007fefb527d000,0x00007fefb537e000],  sp=0x00007fefb537c040,  free space=1020k
Native frames: (J=compiled Java code, j=interpreted, Vv=VM code, C=native code)
V  [libjvm.so+0x9a320a]  VMError::report_and_die()+0x2ea
V  [libjvm.so+0x498d3b]  report_vm_out_of_memory(char const*, int, unsigned long, char const*)+0x9b
V  [libjvm.so+0x82191e]  os::Linux::commit_memory_impl(char*, unsigned long, bool)+0xfe
V  [libjvm.so+0x821e69]  os::pd_commit_memory(char*, unsigned long, unsigned long, bool)+0x29
V  [libjvm.so+0x81bb6a]  os::commit_memory(char*, unsigned long, unsigned long, bool)+0x2a
V  [libjvm.so+0x88d623]  PSVirtualSpace::expand_by(unsigned long)+0x53
V  [libjvm.so+0x88e9f8]  PSYoungGen::resize_generation(unsigned long, unsigned long)+0xf8
V  [libjvm.so+0x88db62]  PSYoungGen::resize(unsigned long, unsigned long)+0x22
V  [libjvm.so+0x88af1d]  PSScavenge::invoke_no_policy()+0xf3d
V  [libjvm.so+0x88b761]  PSScavenge::invoke()+0x41
V  [libjvm.so+0x843f40]  ParallelScavengeHeap::failed_mem_allocate(unsigned long)+0x70
V  [libjvm.so+0x9a4a97]  VM_ParallelGCFailedAllocation::doit()+0x97
V  [libjvm.so+0x9abf35]  VM_Operation::evaluate()+0x55
V  [libjvm.so+0x9aa2fa]  VMThread::evaluate_operation(VM_Operation*)+0xba
V  [libjvm.so+0x9aa67e]  VMThread::loop()+0x1ce
V  [libjvm.so+0x9aaaf0]  VMThread::run()+0x70
V  [libjvm.so+0x8238c8]  java_start(Thread*)+0x108

VM_Operation (0x00007fefc30b93d0): ParallelGCFailedAllocation, mode: safepoint, requested by thread 0x00007fefbc00b000


---------------  P R O C E S S  ---------------

Java Threads: ( => current thread )
  0x00007fefbc099800 JavaThread "Service Thread" daemon [_thread_blocked, id=7674, stack(0x00007fefb49ae000,0x00007fefb4aaf000)]
  0x00007fefbc097000 JavaThread "C2 CompilerThread1" daemon [_thread_blocked, id=7673, stack(0x00007fefb4aaf000,0x00007fefb4bb0000)]
  0x00007fefbc094000 JavaThread "C2 CompilerThread0" daemon [_thread_blocked, id=7672, stack(0x00007fefb4bb0000,0x00007fefb4cb1000)]
  0x00007fefbc092000 JavaThread "Signal Dispatcher" daemon [_thread_blocked, id=7671, stack(0x00007fefb4cb1000,0x00007fefb4db2000)]
  0x00007fefbc071000 JavaThread "Finalizer" daemon [_thread_blocked, id=7670, stack(0x00007fefb507b000,0x00007fefb517c000)]
  0x00007fefbc06f000 JavaThread "Reference Handler" daemon [_thread_blocked, id=7669, stack(0x00007fefb517c000,0x00007fefb527d000)]
  0x00007fefbc00b000 JavaThread "main" [_thread_blocked, id=7663, stack(0x00007fefc2fba000,0x00007fefc30bb000)]

Other Threads:
=>0x00007fefbc06a800 VMThread [stack: 0x00007fefb527d000,0x00007fefb537e000] [id=7668]
  0x00007fefbc0a4000 WatcherThread [stack: 0x00007fefb48ad000,0x00007fefb49ae000] [id=7675]

VM state:at safepoint (normal execution)

VM Mutex/Monitor currently owned by a thread:  ([mutex/lock_event])
[0x00007fefbc007070] Threads_lock - owner thread: 0x00007fefbc06a800
[0x00007fefbc007570] Heap_lock - owner thread: 0x00007fefbc00b000

Heap
 PSYoungGen      total 59392K, used 2037K [0x00000000eaa80000, 0x00000000ee680000, 0x0000000100000000)
  eden space 57344K, 0% used [0x00000000eaa80000,0x00000000eaa80000,0x00000000ee280000)
  from space 2048K, 99% used [0x00000000ee280000,0x00000000ee47d7d0,0x00000000ee480000)
  to   space 2048K, 0% used [0x00000000ee480000,0x00000000ee480000,0x00000000ee680000)
 ParOldGen       total 36352K, used 28034K [0x00000000c0000000, 0x00000000c2380000, 0x00000000eaa80000)
  object space 36352K, 77% used [0x00000000c0000000,0x00000000c1b60878,0x00000000c2380000)
 PSPermGen       total 21504K, used 6690K [0x00000000bae00000, 0x00000000bc300000, 0x00000000c0000000)
  object space 21504K, 31% used [0x00000000bae00000,0x00000000bb488830,0x00000000bc300000)

Card table byte_map: [0x00007fefc0080000,0x00007fefc02aa000] byte_map_base: 0x00007fefbfaa9000

Polling page: 0x00007fefc30da000

Code Cache  [0x00007fefb9000000, 0x00007fefb9270000, 0x00007fefbc000000)
 total_blobs=794 nmethods=547 adapters=201 free_code_cache=47754Kb largest_free_block=48860480

Compilation events (10 events):
Event: 3.080 Thread 0x00007fefbc097000  557             com.android.dx.io.instructions.DecodedInstruction::getBUnit (46 bytes)
Event: 3.080 Thread 0x00007fefbc094000 nmethod 554 0x00007fefb9164b90 code [0x00007fefb9164d20, 0x00007fefb9165198]
Event: 3.080 Thread 0x00007fefbc094000  558             com.android.dx.io.instructions.ShortArrayCodeOutput::writeInt (16 bytes)
Event: 3.080 Thread 0x00007fefbc097000 nmethod 557 0x00007fefb915be10 code [0x00007fefb915bf60, 0x00007fefb915bff8]
Event: 3.081 Thread 0x00007fefbc094000 nmethod 558 0x00007fefb9163050 code [0x00007fefb91631a0, 0x00007fefb9163298]
Event: 3.098 Thread 0x00007fefbc097000  559             java.nio.HeapByteBuffer::get (54 bytes)
Event: 3.100 Thread 0x00007fefbc097000 nmethod 559 0x00007fefb9161210 code [0x00007fefb9161360, 0x00007fefb9161558]
Event: 3.121 Thread 0x00007fefbc094000  560             com.android.dex.Mutf8::encode (153 bytes)
Event: 3.132 Thread 0x00007fefbc094000 nmethod 560 0x00007fefb91609d0 code [0x00007fefb9160b40, 0x00007fefb9160f78]
Event: 3.138 Thread 0x00007fefbc097000  561             com.android.dex.Mutf8::encode (19 bytes)

GC Heap History (9 events):
Event: 0.889 GC heap before
{Heap before GC invocations=1 (full 0):
 PSYoungGen      total 16384K, used 14336K [0x00000000eaa80000, 0x00000000ebc80000, 0x0000000100000000)
  eden space 14336K, 100% used [0x00000000eaa80000,0x00000000eb880000,0x00000000eb880000)
  from space 2048K, 0% used [0x00000000eba80000,0x00000000eba80000,0x00000000ebc80000)
  to   space 2048K, 0% used [0x00000000eb880000,0x00000000eb880000,0x00000000eba80000)
 ParOldGen       total 36352K, used 0K [0x00000000c0000000, 0x00000000c2380000, 0x00000000eaa80000)
  object space 36352K, 0% used [0x00000000c0000000,0x00000000c0000000,0x00000000c2380000)
 PSPermGen       total 21504K, used 4899K [0x00000000bae00000, 0x00000000bc300000, 0x00000000c0000000)
  object space 21504K, 22% used [0x00000000bae00000,0x00000000bb2c8f80,0x00000000bc300000)
Event: 0.905 GC heap after
Heap after GC invocations=1 (full 0):
 PSYoungGen      total 16384K, used 2035K [0x00000000eaa80000, 0x00000000eca80000, 0x0000000100000000)
  eden space 14336K, 0% used [0x00000000eaa80000,0x00000000eaa80000,0x00000000eb880000)
  from space 2048K, 99% used [0x00000000eb880000,0x00000000eba7cf40,0x00000000eba80000)
  to   space 2048K, 0% used [0x00000000ec880000,0x00000000ec880000,0x00000000eca80000)
 ParOldGen       total 36352K, used 2080K [0x00000000c0000000, 0x00000000c2380000, 0x00000000eaa80000)
  object space 36352K, 5% used [0x00000000c0000000,0x00000000c0208300,0x00000000c2380000)
 PSPermGen       total 21504K, used 4899K [0x00000000bae00000, 0x00000000bc300000, 0x00000000c0000000)
  object space 21504K, 22% used [0x00000000bae00000,0x00000000bb2c8f80,0x00000000bc300000)
}
Event: 1.320 GC heap before
{Heap before GC invocations=2 (full 0):
 PSYoungGen      total 16384K, used 16371K [0x00000000eaa80000, 0x00000000eca80000, 0x0000000100000000)
  eden space 14336K, 100% used [0x00000000eaa80000,0x00000000eb880000,0x00000000eb880000)
  from space 2048K, 99% used [0x00000000eb880000,0x00000000eba7cf40,0x00000000eba80000)
  to   space 2048K, 0% used [0x00000000ec880000,0x00000000ec880000,0x00000000eca80000)
 ParOldGen       total 36352K, used 2080K [0x00000000c0000000, 0x00000000c2380000, 0x00000000eaa80000)
  object space 36352K, 5% used [0x00000000c0000000,0x00000000c0208300,0x00000000c2380000)
 PSPermGen       total 21504K, used 5388K [0x00000000bae00000, 0x00000000bc300000, 0x00000000c0000000)
  object space 21504K, 25% used [0x00000000bae00000,0x00000000bb343070,0x00000000bc300000)
Event: 1.327 GC heap after
Heap after GC invocations=2 (full 0):
 PSYoungGen      total 30720K, used 2024K [0x00000000eaa80000, 0x00000000eca80000, 0x0000000100000000)
  eden space 28672K, 0% used [0x00000000eaa80000,0x00000000eaa80000,0x00000000ec680000)
  from space 2048K, 98% used [0x00000000ec880000,0x00000000eca7a050,0x00000000eca80000)
  to   space 2048K, 0% used [0x00000000ec680000,0x00000000ec680000,0x00000000ec880000)
 ParOldGen       total 36352K, used 5392K [0x00000000c0000000, 0x00000000c2380000, 0x00000000eaa80000)
  object space 36352K, 14% used [0x00000000c0000000,0x00000000c0544068,0x00000000c2380000)
 PSPermGen       total 21504K, used 5388K [0x00000000bae00000, 0x00000000bc300000, 0x00000000c0000000)
  object space 21504K, 25% used [0x00000000bae00000,0x00000000bb343070,0x00000000bc300000)
}
Event: 2.402 GC heap before
{Heap before GC invocations=3 (full 0):
 PSYoungGen      total 30720K, used 30696K [0x00000000eaa80000, 0x00000000eca80000, 0x0000000100000000)
  eden space 28672K, 100% used [0x00000000eaa80000,0x00000000ec680000,0x00000000ec680000)
  from space 2048K, 98% used [0x00000000ec880000,0x00000000eca7a050,0x00000000eca80000)
  to   space 2048K, 0% used [0x00000000ec680000,0x00000000ec680000,0x00000000ec880000)
 ParOldGen       total 36352K, used 5392K [0x00000000c0000000, 0x00000000c2380000, 0x00000000eaa80000)
  object space 36352K, 14% used [0x00000000c0000000,0x00000000c0544068,0x00000000c2380000)
 PSPermGen       total 21504K, used 6640K [0x00000000bae00000, 0x00000000bc300000, 0x00000000c0000000)
  object space 21504K, 30% used [0x00000000bae00000,0x00000000bb47c050,0x00000000bc300000)
Event: 2.411 GC heap after
Heap after GC invocations=3 (full 0):
 PSYoungGen      total 30720K, used 2040K [0x00000000eaa80000, 0x00000000ee680000, 0x0000000100000000)
  eden space 28672K, 0% used [0x00000000eaa80000,0x00000000eaa80000,0x00000000ec680000)
  from space 2048K, 99% used [0x00000000ec680000,0x00000000ec87e050,0x00000000ec880000)
  to   space 2048K, 0% used [0x00000000ee480000,0x00000000ee480000,0x00000000ee680000)
 ParOldGen       total 36352K, used 10712K [0x00000000c0000000, 0x00000000c2380000, 0x00000000eaa80000)
  object space 36352K, 29% used [0x00000000c0000000,0x00000000c0a76078,0x00000000c2380000)
 PSPermGen       total 21504K, used 6640K [0x00000000bae00000, 0x00000000bc300000, 0x00000000c0000000)
  object space 21504K, 30% used [0x00000000bae00000,0x00000000bb47c050,0x00000000bc300000)
}
Event: 2.750 GC heap before
{Heap before GC invocations=4 (full 0):
 PSYoungGen      total 30720K, used 30712K [0x00000000eaa80000, 0x00000000ee680000, 0x0000000100000000)
  eden space 28672K, 100% used [0x00000000eaa80000,0x00000000ec680000,0x00000000ec680000)
  from space 2048K, 99% used [0x00000000ec680000,0x00000000ec87e050,0x00000000ec880000)
  to   space 2048K, 0% used [0x00000000ee480000,0x00000000ee480000,0x00000000ee680000)
 ParOldGen       total 36352K, used 10712K [0x00000000c0000000, 0x00000000c2380000, 0x00000000eaa80000)
  object space 36352K, 29% used [0x00000000c0000000,0x00000000c0a76078,0x00000000c2380000)
 PSPermGen       total 21504K, used 6674K [0x00000000bae00000, 0x00000000bc300000, 0x00000000c0000000)
  object space 21504K, 31% used [0x00000000bae00000,0x00000000bb484a90,0x00000000bc300000)
Event: 2.758 GC heap after
Heap after GC invocations=4 (full 0):
 PSYoungGen      total 59392K, used 2035K [0x00000000eaa80000, 0x00000000ee680000, 0x0000000100000000)
  eden space 57344K, 0% used [0x00000000eaa80000,0x00000000eaa80000,0x00000000ee280000)
  from space 2048K, 99% used [0x00000000ee480000,0x00000000ee67cf78,0x00000000ee680000)
  to   space 2048K, 0% used [0x00000000ee280000,0x00000000ee280000,0x00000000ee480000)
 ParOldGen       total 36352K, used 17867K [0x00000000c0000000, 0x00000000c2380000, 0x00000000eaa80000)
  object space 36352K, 49% used [0x00000000c0000000,0x00000000c1172fd0,0x00000000c2380000)
 PSPermGen       total 21504K, used 6674K [0x00000000bae00000, 0x00000000bc300000, 0x00000000c0000000)
  object space 21504K, 31% used [0x00000000bae00000,0x00000000bb484a90,0x00000000bc300000)
}
Event: 3.138 GC heap before
{Heap before GC invocations=5 (full 0):
 PSYoungGen      total 59392K, used 59379K [0x00000000eaa80000, 0x00000000ee680000, 0x0000000100000000)
  eden space 57344K, 100% used [0x00000000eaa80000,0x00000000ee280000,0x00000000ee280000)
  from space 2048K, 99% used [0x00000000ee480000,0x00000000ee67cf78,0x00000000ee680000)
  to   space 2048K, 0% used [0x00000000ee280000,0x00000000ee280000,0x00000000ee480000)
 ParOldGen       total 36352K, used 17867K [0x00000000c0000000, 0x00000000c2380000, 0x00000000eaa80000)
  object space 36352K, 49% used [0x00000000c0000000,0x00000000c1172fd0,0x00000000c2380000)
 PSPermGen       total 21504K, used 6690K [0x00000000bae00000, 0x00000000bc300000, 0x00000000c0000000)
  object space 21504K, 31% used [0x00000000bae00000,0x00000000bb488830,0x00000000bc300000)

Deoptimization events (10 events):
Event: 2.790 Thread 0x00007fefbc00b000 Uncommon trap: reason=array_check action=maybe_recompile pc=0x00007fefb91389ec method=java.util.ComparableTimSort.binarySort([Ljava/lang/Object;III)V @ 193
Event: 2.791 Thread 0x00007fefbc00b000 Uncommon trap: reason=unstable_if action=reinterpret pc=0x00007fefb90fcdd0 method=com.android.dex.Mutf8.countBytes(Ljava/lang/String;Z)J @ 28
Event: 2.849 Thread 0x00007fefbc00b000 Uncommon trap: reason=predicate action=maybe_recompile pc=0x00007fefb913d890 method=java.util.TimSort.binarySort([Ljava/lang/Object;IIILjava/util/Comparator;)V @ 37
Event: 3.020 Thread 0x00007fefbc00b000 Uncommon trap: reason=unstable_if action=reinterpret pc=0x00007fefb90fb774 method=com.android.dex.Mutf8.countBytes(Ljava/lang/String;Z)J @ 28
Event: 3.041 Thread 0x00007fefbc00b000 Uncommon trap: reason=array_check action=maybe_recompile pc=0x00007fefb9143e64 method=java.util.TimSort.binarySort([Ljava/lang/Object;IIILjava/util/Comparator;)V @ 183
Event: 3.041 Thread 0x00007fefbc00b000 Uncommon trap: reason=array_check action=maybe_recompile pc=0x00007fefb9143c78 method=java.util.TimSort.binarySort([Ljava/lang/Object;IIILjava/util/Comparator;)V @ 215
Event: 3.041 Thread 0x00007fefbc00b000 Uncommon trap: reason=array_check action=maybe_recompile pc=0x00007fefb9143d88 method=java.util.TimSort.binarySort([Ljava/lang/Object;IIILjava/util/Comparator;)V @ 193
Event: 3.041 Thread 0x00007fefbc00b000 Uncommon trap: reason=array_check action=maybe_recompile pc=0x00007fefb9143e64 method=java.util.TimSort.binarySort([Ljava/lang/Object;IIILjava/util/Comparator;)V @ 183
Event: 3.103 Thread 0x00007fefbc00b000 Uncommon trap: reason=array_check action=maybe_recompile pc=0x00007fefb91389ec method=java.util.ComparableTimSort.binarySort([Ljava/lang/Object;III)V @ 193
Event: 3.121 Thread 0x00007fefbc00b000 Uncommon trap: reason=unstable_if action=reinterpret pc=0x00007fefb910429c method=com.android.dex.Mutf8.countBytes(Ljava/lang/String;Z)J @ 28

Internal exceptions (10 events):
Event: 1.690 Thread 0x00007fefbc00b000 Threw 0x00000000eae0bfd8 at /HUDSON/workspace/7u-2-build-linux-amd64/jdk7u80/2329/hotspot/src/share/vm/prims/jvm.cpp:1319
Event: 1.691 Thread 0x00007fefbc00b000 Threw 0x00000000eae0efd8 at /HUDSON/workspace/7u-2-build-linux-amd64/jdk7u80/2329/hotspot/src/share/vm/prims/jvm.cpp:1319
Event: 1.691 Thread 0x00007fefbc00b000 Threw 0x00000000eae120b8 at /HUDSON/workspace/7u-2-build-linux-amd64/jdk7u80/2329/hotspot/src/share/vm/prims/jvm.cpp:1319
Event: 1.692 Thread 0x00007fefbc00b000 Threw 0x00000000eae15970 at /HUDSON/workspace/7u-2-build-linux-amd64/jdk7u80/2329/hotspot/src/share/vm/prims/jvm.cpp:1319
Event: 1.693 Thread 0x00007fefbc00b000 Threw 0x00000000eae18750 at /HUDSON/workspace/7u-2-build-linux-amd64/jdk7u80/2329/hotspot/src/share/vm/prims/jvm.cpp:1319
Event: 1.693 Thread 0x00007fefbc00b000 Threw 0x00000000eae1b6f0 at /HUDSON/workspace/7u-2-build-linux-amd64/jdk7u80/2329/hotspot/src/share/vm/prims/jvm.cpp:1319
Event: 1.693 Thread 0x00007fefbc00b000 Threw 0x00000000eae1eac8 at /HUDSON/workspace/7u-2-build-linux-amd64/jdk7u80/2329/hotspot/src/share/vm/prims/jvm.cpp:1319
Event: 1.696 Thread 0x00007fefbc00b000 Threw 0x00000000eae25f30 at /HUDSON/workspace/7u-2-build-linux-amd64/jdk7u80/2329/hotspot/src/share/vm/prims/jvm.cpp:1319
Event: 1.696 Thread 0x00007fefbc00b000 Threw 0x00000000eae28078 at /HUDSON/workspace/7u-2-build-linux-amd64/jdk7u80/2329/hotspot/src/share/vm/prims/jvm.cpp:1319
Event: 2.359 Thread 0x00007fefbc00b000 Threw 0x00000000ec338a38 at /HUDSON/workspace/7u-2-build-linux-amd64/jdk7u80/2329/hotspot/src/share/vm/prims/jvm.cpp:1319

Events (10 events):
Event: 3.041 Thread 0x00007fefbc00b000 Uncommon trap: trap_request=0xffffffd6 fr.pc=0x00007fefb9143e64
Event: 3.041 Thread 0x00007fefbc00b000 DEOPT PACKING pc=0x00007fefb9143e64 sp=0x00007fefc30b9490
Event: 3.041 Thread 0x00007fefbc00b000 DEOPT UNPACKING pc=0x00007fefb9039045 sp=0x00007fefc30b9458 mode 2
Event: 3.103 Thread 0x00007fefbc00b000 Uncommon trap: trap_request=0xffffffd6 fr.pc=0x00007fefb91389ec
Event: 3.103 Thread 0x00007fefbc00b000 DEOPT PACKING pc=0x00007fefb91389ec sp=0x00007fefc30b9420
Event: 3.103 Thread 0x00007fefbc00b000 DEOPT UNPACKING pc=0x00007fefb9039045 sp=0x00007fefc30b93e8 mode 2
Event: 3.121 Thread 0x00007fefbc00b000 Uncommon trap: trap_request=0xffffff75 fr.pc=0x00007fefb910429c
Event: 3.121 Thread 0x00007fefbc00b000 DEOPT PACKING pc=0x00007fefb910429c sp=0x00007fefc30b94a0
Event: 3.121 Thread 0x00007fefbc00b000 DEOPT UNPACKING pc=0x00007fefb9039045 sp=0x00007fefc30b93f8 mode 2
Event: 3.138 Executing VM operation: ParallelGCFailedAllocation


Dynamic libraries:
00400000-00401000 r-xp 00000000 08:01 6832959                            /usr/lib/jvm/java-7-oracle/bin/java
00600000-00601000 rw-p 00000000 08:01 6832959                            /usr/lib/jvm/java-7-oracle/bin/java
01d2b000-01d4c000 rw-p 00000000 00:00 0                                  [heap]
bae00000-bc300000 rw-p 00000000 00:00 0 
bc300000-c0000000 rw-p 00000000 00:00 0 
c0000000-c2380000 rw-p 00000000 00:00 0 
c2380000-eaa80000 rw-p 00000000 00:00 0 
eaa80000-ee680000 rw-p 00000000 00:00 0 
f3580000-100000000 rw-p 00000000 00:00 0 
7fef80000000-7fef80021000 rw-p 00000000 00:00 0 
7fef80021000-7fef84000000 ---p 00000000 00:00 0 
7fef88000000-7fef8842f000 rw-p 00000000 00:00 0 
7fef8842f000-7fef8c000000 ---p 00000000 00:00 0 
7fef8c000000-7fef8c021000 rw-p 00000000 00:00 0 
7fef8c021000-7fef90000000 ---p 00000000 00:00 0 
7fef90000000-7fef90021000 rw-p 00000000 00:00 0 
7fef90021000-7fef94000000 ---p 00000000 00:00 0 
7fef94000000-7fef94685000 rw-p 00000000 00:00 0 
7fef94685000-7fef98000000 ---p 00000000 00:00 0 
7fef98000000-7fef98021000 rw-p 00000000 00:00 0 
7fef98021000-7fef9c000000 ---p 00000000 00:00 0 
7fef9c000000-7fef9c021000 rw-p 00000000 00:00 0 
7fef9c021000-7fefa0000000 ---p 00000000 00:00 0 
7fefa0000000-7fefa0021000 rw-p 00000000 00:00 0 
7fefa0021000-7fefa4000000 ---p 00000000 00:00 0 
7fefa4000000-7fefa40e2000 rw-p 00000000 00:00 0 
7fefa40e2000-7fefa8000000 ---p 00000000 00:00 0 
7fefa8000000-7fefa8021000 rw-p 00000000 00:00 0 
7fefa8021000-7fefac000000 ---p 00000000 00:00 0 
7fefac000000-7fefac021000 rw-p 00000000 00:00 0 
7fefac021000-7fefb0000000 ---p 00000000 00:00 0 
7fefb0000000-7fefb0021000 rw-p 00000000 00:00 0 
7fefb0021000-7fefb4000000 ---p 00000000 00:00 0 
7fefb4318000-7fefb4485000 rw-p 00000000 00:00 0 
7fefb4485000-7fefb449c000 r-xp 00000000 08:01 6832902                    /usr/lib/jvm/java-7-oracle/jre/lib/amd64/libnet.so
7fefb449c000-7fefb469b000 ---p 00017000 08:01 6832902                    /usr/lib/jvm/java-7-oracle/jre/lib/amd64/libnet.so
7fefb469b000-7fefb469c000 rw-p 00016000 08:01 6832902                    /usr/lib/jvm/java-7-oracle/jre/lib/amd64/libnet.so
7fefb469c000-7fefb46ac000 r-xp 00000000 08:01 6832883                    /usr/lib/jvm/java-7-oracle/jre/lib/amd64/libnio.so
7fefb46ac000-7fefb48ac000 ---p 00010000 08:01 6832883                    /usr/lib/jvm/java-7-oracle/jre/lib/amd64/libnio.so
7fefb48ac000-7fefb48ad000 rw-p 00010000 08:01 6832883                    /usr/lib/jvm/java-7-oracle/jre/lib/amd64/libnio.so
7fefb48ad000-7fefb48ae000 ---p 00000000 00:00 0 
7fefb48ae000-7fefb49ae000 rw-p 00000000 00:00 0                          [stack:7675]
7fefb49ae000-7fefb49b1000 ---p 00000000 00:00 0 
7fefb49b1000-7fefb4aaf000 rw-p 00000000 00:00 0                          [stack:7674]
7fefb4aaf000-7fefb4ab2000 ---p 00000000 00:00 0 
7fefb4ab2000-7fefb4bb0000 rw-p 00000000 00:00 0                          [stack:7673]
7fefb4bb0000-7fefb4bb3000 ---p 00000000 00:00 0 
7fefb4bb3000-7fefb4cb1000 rw-p 00000000 00:00 0                          [stack:7672]
7fefb4cb1000-7fefb4cb4000 ---p 00000000 00:00 0 
7fefb4cb4000-7fefb4db2000 rw-p 00000000 00:00 0                          [stack:7671]
7fefb4db2000-7fefb507b000 r--p 00000000 08:01 6291670                    /usr/lib/locale/locale-archive
7fefb507b000-7fefb507e000 ---p 00000000 00:00 0 
7fefb507e000-7fefb517c000 rw-p 00000000 00:00 0                          [stack:7670]
7fefb517c000-7fefb517f000 ---p 00000000 00:00 0 
7fefb517f000-7fefb527d000 rw-p 00000000 00:00 0                          [stack:7669]
7fefb527d000-7fefb527e000 ---p 00000000 00:00 0 
7fefb527e000-7fefb635c000 rw-p 00000000 00:00 0                          [stack:7668]
7fefb635c000-7fefb651c000 r--s 039fb000 08:01 6832255                    /usr/lib/jvm/java-7-oracle/jre/lib/rt.jar
7fefb651c000-7fefb8aa6000 rw-p 00000000 00:00 0 
7fefb8aa6000-7fefb8aa7000 ---p 00000000 00:00 0 
7fefb8aa7000-7fefb8ba7000 rw-p 00000000 00:00 0                          [stack:7667]
7fefb8ba7000-7fefb8ba8000 ---p 00000000 00:00 0 
7fefb8ba8000-7fefb8ca8000 rw-p 00000000 00:00 0                          [stack:7666]
7fefb8ca8000-7fefb8ca9000 ---p 00000000 00:00 0 
7fefb8ca9000-7fefb8da9000 rw-p 00000000 00:00 0                          [stack:7665]
7fefb8da9000-7fefb8daa000 ---p 00000000 00:00 0 
7fefb8daa000-7fefb8ebc000 rw-p 00000000 00:00 0                          [stack:7664]
7fefb8ebc000-7fefb9000000 rw-p 00000000 00:00 0 
7fefb9000000-7fefb9270000 rwxp 00000000 00:00 0 
7fefb9270000-7fefbc25a000 rw-p 00000000 00:00 0 
7fefbc25a000-7fefc0000000 ---p 00000000 00:00 0 
7fefc000e000-7fefc0062000 rw-p 00000000 00:00 0 
7fefc0062000-7fefc0080000 rw-p 00000000 00:00 0 
7fefc0080000-7fefc008b000 rw-p 00000000 00:00 0 
7fefc008b000-7fefc00a9000 rw-p 00000000 00:00 0 
7fefc00a9000-7fefc00bb000 rw-p 00000000 00:00 0 
7fefc00bb000-7fefc01fe000 rw-p 00000000 00:00 0 
7fefc01fe000-7fefc021d000 rw-p 00000000 00:00 0 
7fefc021d000-7fefc02a9000 rw-p 00000000 00:00 0 
7fefc02a9000-7fefc02aa000 rw-p 00000000 00:00 0 
7fefc02aa000-7fefc02c1000 r-xp 00000000 08:01 6832901                    /usr/lib/jvm/java-7-oracle/jre/lib/amd64/libzip.so
7fefc02c1000-7fefc04c1000 ---p 00017000 08:01 6832901                    /usr/lib/jvm/java-7-oracle/jre/lib/amd64/libzip.so
7fefc04c1000-7fefc04c2000 rw-p 00017000 08:01 6832901                    /usr/lib/jvm/java-7-oracle/jre/lib/amd64/libzip.so
7fefc04c2000-7fefc04cd000 r-xp 00000000 08:01 7875663                    /lib/x86_64-linux-gnu/libnss_files-2.19.so
7fefc04cd000-7fefc06cc000 ---p 0000b000 08:01 7875663                    /lib/x86_64-linux-gnu/libnss_files-2.19.so
7fefc06cc000-7fefc06cd000 r--p 0000a000 08:01 7875663                    /lib/x86_64-linux-gnu/libnss_files-2.19.so
7fefc06cd000-7fefc06ce000 rw-p 0000b000 08:01 7875663                    /lib/x86_64-linux-gnu/libnss_files-2.19.so
7fefc06ce000-7fefc06d9000 r-xp 00000000 08:01 7875683                    /lib/x86_64-linux-gnu/libnss_nis-2.19.so
7fefc06d9000-7fefc08d8000 ---p 0000b000 08:01 7875683                    /lib/x86_64-linux-gnu/libnss_nis-2.19.so
7fefc08d8000-7fefc08d9000 r--p 0000a000 08:01 7875683                    /lib/x86_64-linux-gnu/libnss_nis-2.19.so
7fefc08d9000-7fefc08da000 rw-p 0000b000 08:01 7875683                    /lib/x86_64-linux-gnu/libnss_nis-2.19.so
7fefc08da000-7fefc08f1000 r-xp 00000000 08:01 7875672                    /lib/x86_64-linux-gnu/libnsl-2.19.so
7fefc08f1000-7fefc0af0000 ---p 00017000 08:01 7875672                    /lib/x86_64-linux-gnu/libnsl-2.19.so
7fefc0af0000-7fefc0af1000 r--p 00016000 08:01 7875672                    /lib/x86_64-linux-gnu/libnsl-2.19.so
7fefc0af1000-7fefc0af2000 rw-p 00017000 08:01 7875672                    /lib/x86_64-linux-gnu/libnsl-2.19.so
7fefc0af2000-7fefc0af4000 rw-p 00000000 00:00 0 
7fefc0af4000-7fefc0afd000 r-xp 00000000 08:01 7875671                    /lib/x86_64-linux-gnu/libnss_compat-2.19.so
7fefc0afd000-7fefc0cfc000 ---p 00009000 08:01 7875671                    /lib/x86_64-linux-gnu/libnss_compat-2.19.so
7fefc0cfc000-7fefc0cfd000 r--p 00008000 08:01 7875671                    /lib/x86_64-linux-gnu/libnss_compat-2.19.so
7fefc0cfd000-7fefc0cfe000 rw-p 00009000 08:01 7875671                    /lib/x86_64-linux-gnu/libnss_compat-2.19.so
7fefc0cfe000-7fefc0d27000 r-xp 00000000 08:01 6832922                    /usr/lib/jvm/java-7-oracle/jre/lib/amd64/libjava.so
7fefc0d27000-7fefc0f27000 ---p 00029000 08:01 6832922                    /usr/lib/jvm/java-7-oracle/jre/lib/amd64/libjava.so
7fefc0f27000-7fefc0f29000 rw-p 00029000 08:01 6832922                    /usr/lib/jvm/java-7-oracle/jre/lib/amd64/libjava.so
7fefc0f29000-7fefc0f36000 r-xp 00000000 08:01 6832890                    /usr/lib/jvm/java-7-oracle/jre/lib/amd64/libverify.so
7fefc0f36000-7fefc1135000 ---p 0000d000 08:01 6832890                    /usr/lib/jvm/java-7-oracle/jre/lib/amd64/libverify.so
7fefc1135000-7fefc1137000 rw-p 0000c000 08:01 6832890                    /usr/lib/jvm/java-7-oracle/jre/lib/amd64/libverify.so
7fefc1137000-7fefc113e000 r-xp 00000000 08:01 7875680                    /lib/x86_64-linux-gnu/librt-2.19.so
7fefc113e000-7fefc133d000 ---p 00007000 08:01 7875680                    /lib/x86_64-linux-gnu/librt-2.19.so
7fefc133d000-7fefc133e000 r--p 00006000 08:01 7875680                    /lib/x86_64-linux-gnu/librt-2.19.so
7fefc133e000-7fefc133f000 rw-p 00007000 08:01 7875680                    /lib/x86_64-linux-gnu/librt-2.19.so
7fefc133f000-7fefc1444000 r-xp 00000000 08:01 7875662                    /lib/x86_64-linux-gnu/libm-2.19.so
7fefc1444000-7fefc1643000 ---p 00105000 08:01 7875662                    /lib/x86_64-linux-gnu/libm-2.19.so
7fefc1643000-7fefc1644000 r--p 00104000 08:01 7875662                    /lib/x86_64-linux-gnu/libm-2.19.so
7fefc1644000-7fefc1645000 rw-p 00105000 08:01 7875662                    /lib/x86_64-linux-gnu/libm-2.19.so
7fefc1645000-7fefc21bb000 r-xp 00000000 08:01 6832923                    /usr/lib/jvm/java-7-oracle/jre/lib/amd64/server/libjvm.so
7fefc21bb000-7fefc23ba000 ---p 00b76000 08:01 6832923                    /usr/lib/jvm/java-7-oracle/jre/lib/amd64/server/libjvm.so
7fefc23ba000-7fefc247e000 rw-p 00b75000 08:01 6832923                    /usr/lib/jvm/java-7-oracle/jre/lib/amd64/server/libjvm.so
7fefc247e000-7fefc24bf000 rw-p 00000000 00:00 0 
7fefc24bf000-7fefc267a000 r-xp 00000000 08:01 7875677                    /lib/x86_64-linux-gnu/libc-2.19.so
7fefc267a000-7fefc2879000 ---p 001bb000 08:01 7875677                    /lib/x86_64-linux-gnu/libc-2.19.so
7fefc2879000-7fefc287d000 r--p 001ba000 08:01 7875677                    /lib/x86_64-linux-gnu/libc-2.19.so
7fefc287d000-7fefc287f000 rw-p 001be000 08:01 7875677                    /lib/x86_64-linux-gnu/libc-2.19.so
7fefc287f000-7fefc2884000 rw-p 00000000 00:00 0 
7fefc2884000-7fefc2887000 r-xp 00000000 08:01 7875666                    /lib/x86_64-linux-gnu/libdl-2.19.so
7fefc2887000-7fefc2a86000 ---p 00003000 08:01 7875666                    /lib/x86_64-linux-gnu/libdl-2.19.so
7fefc2a86000-7fefc2a87000 r--p 00002000 08:01 7875666                    /lib/x86_64-linux-gnu/libdl-2.19.so
7fefc2a87000-7fefc2a88000 rw-p 00003000 08:01 7875666                    /lib/x86_64-linux-gnu/libdl-2.19.so
7fefc2a88000-7fefc2a9d000 r-xp 00000000 08:01 6831974                    /usr/lib/jvm/java-7-oracle/lib/amd64/jli/libjli.so
7fefc2a9d000-7fefc2c9c000 ---p 00015000 08:01 6831974                    /usr/lib/jvm/java-7-oracle/lib/amd64/jli/libjli.so
7fefc2c9c000-7fefc2c9d000 rw-p 00014000 08:01 6831974                    /usr/lib/jvm/java-7-oracle/lib/amd64/jli/libjli.so
7fefc2c9d000-7fefc2cb6000 r-xp 00000000 08:01 7875678                    /lib/x86_64-linux-gnu/libpthread-2.19.so
7fefc2cb6000-7fefc2eb5000 ---p 00019000 08:01 7875678                    /lib/x86_64-linux-gnu/libpthread-2.19.so
7fefc2eb5000-7fefc2eb6000 r--p 00018000 08:01 7875678                    /lib/x86_64-linux-gnu/libpthread-2.19.so
7fefc2eb6000-7fefc2eb7000 rw-p 00019000 08:01 7875678                    /lib/x86_64-linux-gnu/libpthread-2.19.so
7fefc2eb7000-7fefc2ebb000 rw-p 00000000 00:00 0 
7fefc2ebb000-7fefc2ede000 r-xp 00000000 08:01 7875674                    /lib/x86_64-linux-gnu/ld-2.19.so
7fefc2ee0000-7fefc2ee4000 r--s 0008b000 08:01 6832254                    /usr/lib/jvm/java-7-oracle/jre/lib/jsse.jar
7fefc2ee4000-7fefc2f04000 rw-p 00000000 00:00 0 
7fefc2f04000-7fefc2fba000 rw-p 00000000 00:00 0 
7fefc2fba000-7fefc2fbd000 ---p 00000000 00:00 0 
7fefc2fbd000-7fefc30bf000 rw-p 00000000 00:00 0                          [stack:7663]
7fefc30c1000-7fefc30c2000 rw-p 00000000 00:00 0 
7fefc30c2000-7fefc30d1000 r--s 000dd000 08:01 14421013                   /home/administrator/Developer/sdk/build-tools/22.0.1/lib/dx.jar
7fefc30d1000-7fefc30d9000 rw-s 00000000 08:01 25166417                   /tmp/hsperfdata_administrator/7658
7fefc30d9000-7fefc30da000 rw-p 00000000 00:00 0 
7fefc30da000-7fefc30db000 ---p 00000000 00:00 0 
7fefc30db000-7fefc30dd000 rw-p 00000000 00:00 0 
7fefc30dd000-7fefc30de000 r--p 00022000 08:01 7875674                    /lib/x86_64-linux-gnu/ld-2.19.so
7fefc30de000-7fefc30df000 rw-p 00023000 08:01 7875674                    /lib/x86_64-linux-gnu/ld-2.19.so
7fefc30df000-7fefc30e0000 rw-p 00000000 00:00 0 
7fff4b701000-7fff4b722000 rw-p 00000000 00:00 0                          [stack]
7fff4b729000-7fff4b72b000 r-xp 00000000 00:00 0                          [vdso]
ffffffffff600000-ffffffffff601000 r-xp 00000000 00:00 0                  [vsyscall]

VM Arguments:
jvm_args: -Xmx1024M -Dfile.encoding=UTF-8 -Duser.country=US -Duser.language=en -Duser.variant 
java_command: com.android.dx.command.Main --dex --output /home/administrator/AndroidStudioProjects/Spotify/app/build/intermediates/dex/debug /home/administrator/AndroidStudioProjects/Spotify/app/build/intermediates/classes/debug /home/administrator/AndroidStudioProjects/Spotify/app/build/intermediates/pre-dexed/debug/support-annotations-22.2.0-9527a051df43272ba5e53640e44fdccdd9621e36.jar /home/administrator/AndroidStudioProjects/Spotify/app/build/intermediates/pre-dexed/debug/classes-a86200ef96c39826d2c1ceffc8559052a204909a.jar /home/administrator/AndroidStudioProjects/Spotify/app/build/intermediates/pre-dexed/debug/okio-1.2.0-329f188a795a08802fc72678286d9c630ee27eff.jar /home/administrator/AndroidStudioProjects/Spotify/app/build/intermediates/pre-dexed/debug/retrofit-1.9.0-b4692ee73c5422002cfd6cf6060f61f8084c9d2c.jar /home/administrator/AndroidStudioProjects/Spotify/app/build/intermediates/pre-dexed/debug/picasso-2.5.2-ce79a951d9aa04ad3677c3b107a30502e04e98a1.jar /home/administrator/AndroidStudioProjects/Spotify/app/build/intermediates/pre-dexed/debug/gson-2.3.1-935b4b5a2019196253debb020732e71b0d52758e.jar /home/administrator/AndroidStudioProjects/Spotify/app/build/intermediates/pre-dexed/debug/internal_impl-22.2.0-78d2afb936745ae981bc0d0a86d4f9f93a0bc267.jar /home/administrator/AndroidStudioProjects/Spotify/app/build/intermediates/pre-dexed/debug/okhttp-2.2.0-b82a8bcf55ed40ca6dcd78c1d5c65795cb7408ad.jar /home/administrator/AndroidStudioProjects/Spotify/app/build/intermediates/pre-dexed/debug/classes-ba4e4cbf98816700ad0bf331e502b68aa670acbd.jar /home/administrator/AndroidStudioProjects/Spotify/app/build/intermediates/pre-dexed/debug/classes-dd8b7b02e5bcd2dbbcb872de87dac3401bf67ed4.jar
Launcher Type: SUN_STANDARD

Environment Variables:
PATH=/home/administrator/bin/Sencha/Cmd/5.0.2.270:/home/administrator/bin:/usr/local/sbin:/usr/local/bin:/usr/sbin:/usr/bin:/sbin:/bin:/usr/games:/usr/local/games
LD_LIBRARY_PATH=/home/administrator/Developer/android-studio/bin:
SHELL=/bin/bash
DISPLAY=:0

Signal Handlers:
SIGSEGV: [libjvm.so+0x9a3b20], sa_mask[0]=0x7ffbfeff, sa_flags=0x10000004
SIGBUS: [libjvm.so+0x9a3b20], sa_mask[0]=0x7ffbfeff, sa_flags=0x10000004
SIGFPE: [libjvm.so+0x81e740], sa_mask[0]=0x7ffbfeff, sa_flags=0x10000004
SIGPIPE: [libjvm.so+0x81e740], sa_mask[0]=0x7ffbfeff, sa_flags=0x10000004
SIGXFSZ: [libjvm.so+0x81e740], sa_mask[0]=0x7ffbfeff, sa_flags=0x10000004
SIGILL: [libjvm.so+0x81e740], sa_mask[0]=0x7ffbfeff, sa_flags=0x10000004
SIGUSR1: SIG_DFL, sa_mask[0]=0x00000000, sa_flags=0x00000000
SIGUSR2: [libjvm.so+0x81ffb0], sa_mask[0]=0x00000004, sa_flags=0x10000004
SIGHUP: [libjvm.so+0x8210d0], sa_mask[0]=0x7ffbfeff, sa_flags=0x10000004
SIGINT: [libjvm.so+0x8210d0], sa_mask[0]=0x7ffbfeff, sa_flags=0x10000004
SIGTERM: [libjvm.so+0x8210d0], sa_mask[0]=0x7ffbfeff, sa_flags=0x10000004
SIGQUIT: [libjvm.so+0x8210d0], sa_mask[0]=0x7ffbfeff, sa_flags=0x10000004


---------------  S Y S T E M  ---------------

OS:jessie/sid

uname:Linux 3.13.0-55-generic #94-Ubuntu SMP Thu Jun 18 00:27:10 UTC 2015 x86_64
libc:glibc 2.19 NPTL 2.19 
rlimit: STACK 8192k, CORE 0k, NPROC 26892, NOFILE 4096, AS infinity
load average:0.56 0.86 0.98

/proc/meminfo:
MemTotal:        3529800 kB
MemFree:           96668 kB
Buffers:            4476 kB
Cached:            66224 kB
SwapCached:         3004 kB
Active:          2545208 kB
Inactive:         646756 kB
Active(anon):    2521192 kB
Inactive(anon):   624052 kB
Active(file):      24016 kB
Inactive(file):    22704 kB
Unevictable:          48 kB
Mlocked:              48 kB
SwapTotal:       3667964 kB
SwapFree:              0 kB
Dirty:               692 kB
Writeback:             0 kB
AnonPages:       3119104 kB
Mapped:            55912 kB
Shmem:             23504 kB
Slab:              81124 kB
SReclaimable:      35096 kB
SUnreclaim:        46028 kB
KernelStack:        7152 kB
PageTables:        53864 kB
NFS_Unstable:          0 kB
Bounce:                0 kB
WritebackTmp:          0 kB
CommitLimit:     5432864 kB
Committed_AS:   14980992 kB
VmallocTotal:   34359738367 kB
VmallocUsed:      295988 kB
VmallocChunk:   34359421468 kB
HardwareCorrupted:     0 kB
AnonHugePages:    747520 kB
HugePages_Total:       0
HugePages_Free:        0
HugePages_Rsvd:        0
HugePages_Surp:        0
Hugepagesize:       2048 kB
DirectMap4k:       93760 kB
DirectMap2M:     3575808 kB
DirectMap1G:           0 kB


CPU:total 4 (4 cores per cpu, 1 threads per core) family 16 model 4 stepping 3, cmov, cx8, fxsr, mmx, sse, sse2, sse3, popcnt, mmxext, 3dnowpref, lzcnt, sse4a, tsc, tscinvbit, tscinv

/proc/cpuinfo:
processor	: 0
vendor_id	: AuthenticAMD
cpu family	: 16
model		: 4
model name	: AMD Phenom(tm) II X4 965 Processor
stepping	: 3
microcode	: 0x10000c8
cpu MHz		: 3400.000
cache size	: 512 KB
physical id	: 0
siblings	: 4
core id		: 0
cpu cores	: 4
apicid		: 0
initial apicid	: 0
fpu		: yes
fpu_exception	: yes
cpuid level	: 5
wp		: yes
flags		: fpu vme de pse tsc msr pae mce cx8 apic sep mtrr pge mca cmov pat pse36 clflush mmx fxsr sse sse2 ht syscall nx mmxext fxsr_opt pdpe1gb rdtscp lm 3dnowext 3dnow constant_tsc rep_good nopl nonstop_tsc extd_apicid pni monitor cx16 popcnt lahf_lm cmp_legacy svm extapic cr8_legacy abm sse4a misalignsse 3dnowprefetch osvw ibs skinit wdt nodeid_msr hw_pstate npt lbrv svm_lock nrip_save vmmcall
bogomips	: 6800.50
TLB size	: 1024 4K pages
clflush size	: 64
cache_alignment	: 64
address sizes	: 48 bits physical, 48 bits virtual
power management: ts ttp tm stc 100mhzsteps hwpstate

processor	: 1
vendor_id	: AuthenticAMD
cpu family	: 16
model		: 4
model name	: AMD Phenom(tm) II X4 965 Processor
stepping	: 3
microcode	: 0x10000c8
cpu MHz		: 2200.000
cache size	: 512 KB
physical id	: 0
siblings	: 4
core id		: 1
cpu cores	: 4
apicid		: 1
initial apicid	: 1
fpu		: yes
fpu_exception	: yes
cpuid level	: 5
wp		: yes
flags		: fpu vme de pse tsc msr pae mce cx8 apic sep mtrr pge mca cmov pat pse36 clflush mmx fxsr sse sse2 ht syscall nx mmxext fxsr_opt pdpe1gb rdtscp lm 3dnowext 3dnow constant_tsc rep_good nopl nonstop_tsc extd_apicid pni monitor cx16 popcnt lahf_lm cmp_legacy svm extapic cr8_legacy abm sse4a misalignsse 3dnowprefetch osvw ibs skinit wdt nodeid_msr hw_pstate npt lbrv svm_lock nrip_save vmmcall
bogomips	: 6800.50
TLB size	: 1024 4K pages
clflush size	: 64
cache_alignment	: 64
address sizes	: 48 bits physical, 48 bits virtual
power management: ts ttp tm stc 100mhzsteps hwpstate

processor	: 2
vendor_id	: AuthenticAMD
cpu family	: 16
model		: 4
model name	: AMD Phenom(tm) II X4 965 Processor
stepping	: 3
microcode	: 0x10000c8
cpu MHz		: 3400.000
cache size	: 512 KB
physical id	: 0
siblings	: 4
core id		: 2
cpu cores	: 4
apicid		: 2
initial apicid	: 2
fpu		: yes
fpu_exception	: yes
cpuid level	: 5
wp		: yes
flags		: fpu vme de pse tsc msr pae mce cx8 apic sep mtrr pge mca cmov pat pse36 clflush mmx fxsr sse sse2 ht syscall nx mmxext fxsr_opt pdpe1gb rdtscp lm 3dnowext 3dnow constant_tsc rep_good nopl nonstop_tsc extd_apicid pni monitor cx16 popcnt lahf_lm cmp_legacy svm extapic cr8_legacy abm sse4a misalignsse 3dnowprefetch osvw ibs skinit wdt nodeid_msr hw_pstate npt lbrv svm_lock nrip_save vmmcall
bogomips	: 6800.50
TLB size	: 1024 4K pages
clflush size	: 64
cache_alignment	: 64
address sizes	: 48 bits physical, 48 bits virtual
power management: ts ttp tm stc 100mhzsteps hwpstate

processor	: 3
vendor_id	: AuthenticAMD
cpu family	: 16
model		: 4
model name	: AMD Phenom(tm) II X4 965 Processor
stepping	: 3
microcode	: 0x10000c8
cpu MHz		: 3400.000
cache size	: 512 KB
physical id	: 0
siblings	: 4
core id		: 3
cpu cores	: 4
apicid		: 3
initial apicid	: 3
fpu		: yes
fpu_exception	: yes
cpuid level	: 5
wp		: yes
flags		: fpu vme de pse tsc msr pae mce cx8 apic sep mtrr pge mca cmov pat pse36 clflush mmx fxsr sse sse2 ht syscall nx mmxext fxsr_opt pdpe1gb rdtscp lm 3dnowext 3dnow constant_tsc rep_good nopl nonstop_tsc extd_apicid pni monitor cx16 popcnt lahf_lm cmp_legacy svm extapic cr8_legacy abm sse4a misalignsse 3dnowprefetch osvw ibs skinit wdt nodeid_msr hw_pstate npt lbrv svm_lock nrip_save vmmcall
bogomips	: 6800.50
TLB size	: 1024 4K pages
clflush size	: 64
cache_alignment	: 64
address sizes	: 48 bits physical, 48 bits virtual
power management: ts ttp tm stc 100mhzsteps hwpstate



Memory: 4k page, physical 3529800k(96668k free), swap 3667964k(0k free)

vm_info: Java HotSpot(TM) 64-Bit Server VM (24.80-b11) for linux-amd64 JRE (1.7.0_80-b15), built on Apr 10 2015 19:53:14 by "java_re" with gcc 4.3.0 20080428 (Red Hat 4.3.0-8)

time: Tue Jun 30 10:16:20 2015
elapsed time: 3 seconds

